warning: GET en /api/users - Wed Jan 22 2025 21:00:21 GMT-0300 (hora estándar de Argentina)
warning: GET en /favicon.ico - Wed Jan 22 2025 21:00:21 GMT-0300 (hora estándar de Argentina)
warning: POST en /api/pets - Wed Jan 22 2025 21:11:23 GMT-0300 (hora estándar de Argentina)
warning: POST en /api/pets - Wed Jan 22 2025 21:11:54 GMT-0300 (hora estándar de Argentina)
warning: POST en /api/pets - Wed Jan 22 2025 21:15:11 GMT-0300 (hora estándar de Argentina)
warning: GET en /api/pets - Wed Jan 22 2025 21:15:11 GMT-0300 (hora estándar de Argentina)
warning: POST en /api/pets - Wed Jan 22 2025 21:19:10 GMT-0300 (hora estándar de Argentina)
warning: GET en /api/pets - Wed Jan 22 2025 21:19:10 GMT-0300 (hora estándar de Argentina)
warning: POST en /api/sessions/register - Wed Jan 22 2025 21:19:10 GMT-0300 (hora estándar de Argentina)
warning: POST en /api/pets - Wed Jan 22 2025 21:20:07 GMT-0300 (hora estándar de Argentina)
warning: GET en /api/pets - Wed Jan 22 2025 21:20:07 GMT-0300 (hora estándar de Argentina)
warning: POST en /api/sessions/register - Wed Jan 22 2025 21:20:07 GMT-0300 (hora estándar de Argentina)
warning: POST en /api/pets - Wed Jan 22 2025 21:21:31 GMT-0300 (hora estándar de Argentina)
warning: GET en /api/pets - Wed Jan 22 2025 21:21:31 GMT-0300 (hora estándar de Argentina)
warning: POST en /api/sessions/register - Wed Jan 22 2025 21:21:31 GMT-0300 (hora estándar de Argentina)
warning: POST en /api/pets - Wed Jan 22 2025 21:39:10 GMT-0300 (hora estándar de Argentina)
warning: GET en /api/pets - Wed Jan 22 2025 21:39:10 GMT-0300 (hora estándar de Argentina)
warning: POST en /api/sessions/login - Wed Jan 22 2025 21:39:10 GMT-0300 (hora estándar de Argentina)
warning: POST en /api/pets - Wed Jan 22 2025 21:39:27 GMT-0300 (hora estándar de Argentina)
warning: GET en /api/pets - Wed Jan 22 2025 21:39:27 GMT-0300 (hora estándar de Argentina)
warning: POST en /api/sessions/login - Wed Jan 22 2025 21:39:27 GMT-0300 (hora estándar de Argentina)
warning: GET en /docs - Wed Jan 22 2025 21:48:09 GMT-0300 (hora estándar de Argentina)
warning: GET en /docs/ - Wed Jan 22 2025 21:48:09 GMT-0300 (hora estándar de Argentina)
warning: GET en /docs/swagger-ui.css - Wed Jan 22 2025 21:48:09 GMT-0300 (hora estándar de Argentina)
warning: GET en /docs/swagger-ui-bundle.js - Wed Jan 22 2025 21:48:09 GMT-0300 (hora estándar de Argentina)
warning: GET en /docs/swagger-ui-init.js - Wed Jan 22 2025 21:48:09 GMT-0300 (hora estándar de Argentina)
warning: GET en /docs/swagger-ui-standalone-preset.js - Wed Jan 22 2025 21:48:09 GMT-0300 (hora estándar de Argentina)
warning: GET en /docs/favicon-32x32.png - Wed Jan 22 2025 21:48:11 GMT-0300 (hora estándar de Argentina)
warning: GET en /docs/ - Wed Jan 22 2025 21:50:04 GMT-0300 (hora estándar de Argentina)
warning: GET en /docs/swagger-ui.css - Wed Jan 22 2025 21:50:04 GMT-0300 (hora estándar de Argentina)
warning: GET en /docs/swagger-ui-bundle.js - Wed Jan 22 2025 21:50:04 GMT-0300 (hora estándar de Argentina)
warning: GET en /docs/swagger-ui-init.js - Wed Jan 22 2025 21:50:04 GMT-0300 (hora estándar de Argentina)
warning: GET en /docs/swagger-ui-standalone-preset.js - Wed Jan 22 2025 21:50:04 GMT-0300 (hora estándar de Argentina)
warning: GET en /docs/ - Wed Jan 22 2025 21:50:11 GMT-0300 (hora estándar de Argentina)
warning: GET en /docs/swagger-ui.css - Wed Jan 22 2025 21:50:11 GMT-0300 (hora estándar de Argentina)
warning: GET en /docs/swagger-ui-bundle.js - Wed Jan 22 2025 21:50:11 GMT-0300 (hora estándar de Argentina)
warning: GET en /docs/swagger-ui-init.js - Wed Jan 22 2025 21:50:11 GMT-0300 (hora estándar de Argentina)
warning: GET en /docs/swagger-ui-standalone-preset.js - Wed Jan 22 2025 21:50:11 GMT-0300 (hora estándar de Argentina)
warning: GET en /api/users/ - Wed Jan 22 2025 21:50:19 GMT-0300 (hora estándar de Argentina)
warning: GET en /docs/ - Wed Jan 22 2025 21:55:13 GMT-0300 (hora estándar de Argentina)
warning: GET en /docs/swagger-ui.css - Wed Jan 22 2025 21:55:13 GMT-0300 (hora estándar de Argentina)
warning: GET en /docs/swagger-ui-bundle.js - Wed Jan 22 2025 21:55:13 GMT-0300 (hora estándar de Argentina)
warning: GET en /docs/swagger-ui-standalone-preset.js - Wed Jan 22 2025 21:55:13 GMT-0300 (hora estándar de Argentina)
warning: GET en /docs/swagger-ui-init.js - Wed Jan 22 2025 21:55:13 GMT-0300 (hora estándar de Argentina)
warning: GET en /api/users/ - Wed Jan 22 2025 21:55:35 GMT-0300 (hora estándar de Argentina)
warning: GET en /docs/ - Wed Jan 22 2025 21:56:34 GMT-0300 (hora estándar de Argentina)
warning: GET en /docs/swagger-ui.css - Wed Jan 22 2025 21:56:34 GMT-0300 (hora estándar de Argentina)
warning: GET en /docs/swagger-ui-bundle.js - Wed Jan 22 2025 21:56:34 GMT-0300 (hora estándar de Argentina)
warning: GET en /docs/swagger-ui-standalone-preset.js - Wed Jan 22 2025 21:56:34 GMT-0300 (hora estándar de Argentina)
warning: GET en /docs/swagger-ui-init.js - Wed Jan 22 2025 21:56:34 GMT-0300 (hora estándar de Argentina)
warning: GET en /docs/ - Wed Jan 22 2025 21:56:40 GMT-0300 (hora estándar de Argentina)
warning: GET en /docs/swagger-ui.css - Wed Jan 22 2025 21:56:40 GMT-0300 (hora estándar de Argentina)
warning: GET en /docs/swagger-ui-bundle.js - Wed Jan 22 2025 21:56:40 GMT-0300 (hora estándar de Argentina)
warning: GET en /docs/swagger-ui-init.js - Wed Jan 22 2025 21:56:40 GMT-0300 (hora estándar de Argentina)
warning: GET en /docs/swagger-ui-standalone-preset.js - Wed Jan 22 2025 21:56:40 GMT-0300 (hora estándar de Argentina)
warning: GET en /docs/ - Wed Jan 22 2025 22:00:06 GMT-0300 (hora estándar de Argentina)
warning: GET en /docs/swagger-ui.css - Wed Jan 22 2025 22:00:06 GMT-0300 (hora estándar de Argentina)
warning: GET en /docs/swagger-ui-bundle.js - Wed Jan 22 2025 22:00:06 GMT-0300 (hora estándar de Argentina)
warning: GET en /docs/swagger-ui-standalone-preset.js - Wed Jan 22 2025 22:00:06 GMT-0300 (hora estándar de Argentina)
warning: GET en /docs/swagger-ui-init.js - Wed Jan 22 2025 22:00:06 GMT-0300 (hora estándar de Argentina)
warning: GET en /docs/ - Wed Jan 22 2025 22:00:16 GMT-0300 (hora estándar de Argentina)
warning: GET en /docs/swagger-ui.css - Wed Jan 22 2025 22:00:16 GMT-0300 (hora estándar de Argentina)
warning: GET en /docs/swagger-ui-bundle.js - Wed Jan 22 2025 22:00:16 GMT-0300 (hora estándar de Argentina)
warning: GET en /docs/swagger-ui-init.js - Wed Jan 22 2025 22:00:16 GMT-0300 (hora estándar de Argentina)
warning: GET en /docs/swagger-ui-standalone-preset.js - Wed Jan 22 2025 22:00:16 GMT-0300 (hora estándar de Argentina)
warning: GET en /docs/ - Wed Jan 22 2025 22:00:22 GMT-0300 (hora estándar de Argentina)
warning: GET en /docs/swagger-ui.css - Wed Jan 22 2025 22:00:22 GMT-0300 (hora estándar de Argentina)
warning: GET en /docs/swagger-ui-bundle.js - Wed Jan 22 2025 22:00:22 GMT-0300 (hora estándar de Argentina)
warning: GET en /docs/swagger-ui-init.js - Wed Jan 22 2025 22:00:22 GMT-0300 (hora estándar de Argentina)
warning: GET en /docs/swagger-ui-standalone-preset.js - Wed Jan 22 2025 22:00:22 GMT-0300 (hora estándar de Argentina)
warning: GET en /docs/ - Wed Jan 22 2025 22:02:03 GMT-0300 (hora estándar de Argentina)
warning: GET en /docs/swagger-ui.css - Wed Jan 22 2025 22:02:03 GMT-0300 (hora estándar de Argentina)
warning: GET en /docs/swagger-ui-bundle.js - Wed Jan 22 2025 22:02:03 GMT-0300 (hora estándar de Argentina)
warning: GET en /docs/swagger-ui-init.js - Wed Jan 22 2025 22:02:03 GMT-0300 (hora estándar de Argentina)
warning: GET en /docs/swagger-ui-standalone-preset.js - Wed Jan 22 2025 22:02:03 GMT-0300 (hora estándar de Argentina)
warning: GET en /docs/ - Wed Jan 22 2025 22:02:05 GMT-0300 (hora estándar de Argentina)
warning: GET en /docs/swagger-ui.css - Wed Jan 22 2025 22:02:05 GMT-0300 (hora estándar de Argentina)
warning: GET en /docs/swagger-ui-bundle.js - Wed Jan 22 2025 22:02:05 GMT-0300 (hora estándar de Argentina)
warning: GET en /docs/swagger-ui-standalone-preset.js - Wed Jan 22 2025 22:02:05 GMT-0300 (hora estándar de Argentina)
warning: GET en /docs/swagger-ui-init.js - Wed Jan 22 2025 22:02:05 GMT-0300 (hora estándar de Argentina)
warning: GET en /docs/ - Wed Jan 22 2025 22:04:45 GMT-0300 (hora estándar de Argentina)
warning: GET en /docs/swagger-ui.css - Wed Jan 22 2025 22:04:45 GMT-0300 (hora estándar de Argentina)
warning: GET en /docs/swagger-ui-init.js - Wed Jan 22 2025 22:04:45 GMT-0300 (hora estándar de Argentina)
warning: GET en /docs/swagger-ui-standalone-preset.js - Wed Jan 22 2025 22:04:45 GMT-0300 (hora estándar de Argentina)
warning: GET en /docs/swagger-ui-bundle.js - Wed Jan 22 2025 22:04:45 GMT-0300 (hora estándar de Argentina)
warning: GET en /docs/ - Wed Jan 22 2025 22:05:26 GMT-0300 (hora estándar de Argentina)
warning: GET en /docs/swagger-ui.css - Wed Jan 22 2025 22:05:26 GMT-0300 (hora estándar de Argentina)
warning: GET en /docs/swagger-ui-bundle.js - Wed Jan 22 2025 22:05:26 GMT-0300 (hora estándar de Argentina)
warning: GET en /docs/swagger-ui-init.js - Wed Jan 22 2025 22:05:26 GMT-0300 (hora estándar de Argentina)
warning: GET en /docs/swagger-ui-standalone-preset.js - Wed Jan 22 2025 22:05:26 GMT-0300 (hora estándar de Argentina)
warning: POST en /api/users/ - Wed Jan 22 2025 22:05:40 GMT-0300 (hora estándar de Argentina)
